[[1;34mINFO[m] Scanning for projects...
[[1;34mINFO[m] 
[[1;34mINFO[m] [1m-------------------< [0;36mcom.example:borrowIssueService[0;1m >-------------------[m
[[1;34mINFO[m] [1mBuilding borrowIssueService 0.0.1-SNAPSHOT[m
[[1;34mINFO[m] [1m--------------------------------[ jar ]---------------------------------[m
[[1;34mINFO[m] 
[[1;34mINFO[m] [1m>>> [0;32mspring-boot-maven-plugin:3.2.0:run[m [1m(default-cli)[0;1m > [0;1mtest-compile[m @ [36mborrowIssueService[0;1m >>>[m
[[1;33mWARNING[m] The artifact mysql:mysql-connector-java:jar:8.0.33 has been relocated to com.mysql:mysql-connector-j:jar:8.0.33: MySQL Connector/J artifacts moved to reverse-DNS compliant Maven 2+ coordinates.
[[1;34mINFO[m] 
[[1;34mINFO[m] [1m--- [0;32mmaven-resources-plugin:3.3.1:resources[m [1m(default-resources)[m @ [36mborrowIssueService[0;1m ---[m
[[1;34mINFO[m] Copying 1 resource from src/main/resources to target/classes
[[1;34mINFO[m] Copying 0 resource from src/main/resources to target/classes
[[1;34mINFO[m] 
[[1;34mINFO[m] [1m--- [0;32mmaven-compiler-plugin:3.11.0:compile[m [1m(default-compile)[m @ [36mborrowIssueService[0;1m ---[m
[[1;34mINFO[m] Nothing to compile - all classes are up to date
[[1;34mINFO[m] 
[[1;34mINFO[m] [1m--- [0;32mmaven-resources-plugin:3.3.1:testResources[m [1m(default-testResources)[m @ [36mborrowIssueService[0;1m ---[m
[[1;34mINFO[m] skip non existing resourceDirectory /home/nirmith-m-r/Desktop/Microservice/Library-Management-Microservices/borrowIssueService/src/test/resources
[[1;34mINFO[m] 
[[1;34mINFO[m] [1m--- [0;32mmaven-compiler-plugin:3.11.0:testCompile[m [1m(default-testCompile)[m @ [36mborrowIssueService[0;1m ---[m
[[1;34mINFO[m] Nothing to compile - all classes are up to date
[[1;34mINFO[m] 
[[1;34mINFO[m] [1m<<< [0;32mspring-boot-maven-plugin:3.2.0:run[m [1m(default-cli)[0;1m < [0;1mtest-compile[m @ [36mborrowIssueService[0;1m <<<[m
[[1;34mINFO[m] 
[[1;34mINFO[m] 
[[1;34mINFO[m] [1m--- [0;32mspring-boot-maven-plugin:3.2.0:run[m [1m(default-cli)[m @ [36mborrowIssueService[0;1m ---[m
[[1;34mINFO[m] Attaching agents: []

  .   ____          _            __ _ _
 /\\ / ___'_ __ _ _(_)_ __  __ _ \ \ \ \
( ( )\___ | '_ | '_| | '_ \/ _` | \ \ \ \
 \\/  ___)| |_)| | | | | || (_| |  ) ) ) )
  '  |____| .__|_| |_|_| |_\__, | / / / /
 =========|_|==============|___/=/_/_/_/
 :: Spring Boot ::                (v3.2.0)

2025-12-15T12:50:15.777+05:30  INFO 315972 --- [borrow-issue-service] [  restartedMain] c.e.b.BorrowIssueServiceApplication      : Starting BorrowIssueServiceApplication using Java 21.0.9 with PID 315972 (/home/nirmith-m-r/Desktop/Microservice/Library-Management-Microservices/borrowIssueService/target/classes started by nirmith-m-r in /home/nirmith-m-r/Desktop/Microservice/Library-Management-Microservices/borrowIssueService)
2025-12-15T12:50:15.779+05:30  INFO 315972 --- [borrow-issue-service] [  restartedMain] c.e.b.BorrowIssueServiceApplication      : No active profile set, falling back to 1 default profile: "default"
2025-12-15T12:50:15.830+05:30  INFO 315972 --- [borrow-issue-service] [  restartedMain] .e.DevToolsPropertyDefaultsPostProcessor : Devtools property defaults active! Set 'spring.devtools.add-properties' to 'false' to disable
2025-12-15T12:50:15.830+05:30  INFO 315972 --- [borrow-issue-service] [  restartedMain] .e.DevToolsPropertyDefaultsPostProcessor : For additional web related logging consider setting the 'logging.level.web' property to 'DEBUG'
2025-12-15T12:50:16.481+05:30  INFO 315972 --- [borrow-issue-service] [  restartedMain] .s.d.r.c.RepositoryConfigurationDelegate : Bootstrapping Spring Data JPA repositories in DEFAULT mode.
2025-12-15T12:50:16.586+05:30  INFO 315972 --- [borrow-issue-service] [  restartedMain] .s.d.r.c.RepositoryConfigurationDelegate : Finished Spring Data repository scanning in 97 ms. Found 1 JPA repository interface.
2025-12-15T12:50:16.794+05:30  INFO 315972 --- [borrow-issue-service] [  restartedMain] o.s.cloud.context.scope.GenericScope     : BeanFactory id=26d71b8e-767d-357e-9efd-793caaff268e
2025-12-15T12:50:16.893+05:30  WARN 315972 --- [borrow-issue-service] [  restartedMain] trationDelegate$BeanPostProcessorChecker : Bean 'org.springframework.cloud.client.loadbalancer.LoadBalancerAutoConfiguration$LoadBalancerInterceptorConfig' of type [org.springframework.cloud.client.loadbalancer.LoadBalancerAutoConfiguration$LoadBalancerInterceptorConfig] is not eligible for getting processed by all BeanPostProcessors (for example: not eligible for auto-proxying). The currently created BeanPostProcessor [lbRestClientPostProcessor] is declared through a non-static factory method on that class; consider declaring it as static instead.
2025-12-15T12:50:16.894+05:30  WARN 315972 --- [borrow-issue-service] [  restartedMain] trationDelegate$BeanPostProcessorChecker : Bean 'org.springframework.cloud.loadbalancer.config.BlockingLoadBalancerClientAutoConfiguration' of type [org.springframework.cloud.loadbalancer.config.BlockingLoadBalancerClientAutoConfiguration] is not eligible for getting processed by all BeanPostProcessors (for example: not eligible for auto-proxying). Is this bean getting eagerly injected into a currently created BeanPostProcessor [lbRestClientPostProcessor]? Check the corresponding BeanPostProcessor declaration and its dependencies.
2025-12-15T12:50:16.895+05:30  WARN 315972 --- [borrow-issue-service] [  restartedMain] trationDelegate$BeanPostProcessorChecker : Bean 'org.springframework.cloud.loadbalancer.config.LoadBalancerAutoConfiguration' of type [org.springframework.cloud.loadbalancer.config.LoadBalancerAutoConfiguration] is not eligible for getting processed by all BeanPostProcessors (for example: not eligible for auto-proxying). Is this bean getting eagerly injected into a currently created BeanPostProcessor [lbRestClientPostProcessor]? Check the corresponding BeanPostProcessor declaration and its dependencies.
2025-12-15T12:50:16.899+05:30  WARN 315972 --- [borrow-issue-service] [  restartedMain] trationDelegate$BeanPostProcessorChecker : Bean 'org.springframework.cloud.commons.config.CommonsConfigAutoConfiguration' of type [org.springframework.cloud.commons.config.CommonsConfigAutoConfiguration] is not eligible for getting processed by all BeanPostProcessors (for example: not eligible for auto-proxying). Is this bean getting eagerly injected into a currently created BeanPostProcessor [lbRestClientPostProcessor]? Check the corresponding BeanPostProcessor declaration and its dependencies.
2025-12-15T12:50:16.900+05:30  WARN 315972 --- [borrow-issue-service] [  restartedMain] trationDelegate$BeanPostProcessorChecker : Bean 'org.springframework.cloud.client.loadbalancer.LoadBalancerDefaultMappingsProviderAutoConfiguration' of type [org.springframework.cloud.client.loadbalancer.LoadBalancerDefaultMappingsProviderAutoConfiguration] is not eligible for getting processed by all BeanPostProcessors (for example: not eligible for auto-proxying). Is this bean getting eagerly injected into a currently created BeanPostProcessor [lbRestClientPostProcessor]? Check the corresponding BeanPostProcessor declaration and its dependencies.
2025-12-15T12:50:16.900+05:30  WARN 315972 --- [borrow-issue-service] [  restartedMain] trationDelegate$BeanPostProcessorChecker : Bean 'loadBalancerClientsDefaultsMappingsProvider' of type [org.springframework.cloud.client.loadbalancer.LoadBalancerDefaultMappingsProviderAutoConfiguration$$Lambda/0x0000766ae83bde90] is not eligible for getting processed by all BeanPostProcessors (for example: not eligible for auto-proxying). Is this bean getting eagerly injected into a currently created BeanPostProcessor [lbRestClientPostProcessor]? Check the corresponding BeanPostProcessor declaration and its dependencies.
2025-12-15T12:50:16.901+05:30  WARN 315972 --- [borrow-issue-service] [  restartedMain] trationDelegate$BeanPostProcessorChecker : Bean 'defaultsBindHandlerAdvisor' of type [org.springframework.cloud.commons.config.DefaultsBindHandlerAdvisor] is not eligible for getting processed by all BeanPostProcessors (for example: not eligible for auto-proxying). Is this bean getting eagerly injected into a currently created BeanPostProcessor [lbRestClientPostProcessor]? Check the corresponding BeanPostProcessor declaration and its dependencies.
2025-12-15T12:50:16.905+05:30  WARN 315972 --- [borrow-issue-service] [  restartedMain] trationDelegate$BeanPostProcessorChecker : Bean 'spring.cloud.loadbalancer-org.springframework.cloud.client.loadbalancer.LoadBalancerClientsProperties' of type [org.springframework.cloud.client.loadbalancer.LoadBalancerClientsProperties] is not eligible for getting processed by all BeanPostProcessors (for example: not eligible for auto-proxying). Is this bean getting eagerly injected into a currently created BeanPostProcessor [lbRestClientPostProcessor]? Check the corresponding BeanPostProcessor declaration and its dependencies.
2025-12-15T12:50:16.909+05:30  WARN 315972 --- [borrow-issue-service] [  restartedMain] trationDelegate$BeanPostProcessorChecker : Bean 'default.org.springframework.cloud.loadbalancer.config.LoadBalancerAutoConfiguration.LoadBalancerClientSpecification' of type [org.springframework.cloud.loadbalancer.annotation.LoadBalancerClientSpecification] is not eligible for getting processed by all BeanPostProcessors (for example: not eligible for auto-proxying). Is this bean getting eagerly injected into a currently created BeanPostProcessor [lbRestClientPostProcessor]? Check the corresponding BeanPostProcessor declaration and its dependencies.
2025-12-15T12:50:16.909+05:30  WARN 315972 --- [borrow-issue-service] [  restartedMain] trationDelegate$BeanPostProcessorChecker : Bean 'default.org.springframework.cloud.loadbalancer.config.BlockingLoadBalancerClientAutoConfiguration.LoadBalancerClientSpecification' of type [org.springframework.cloud.loadbalancer.annotation.LoadBalancerClientSpecification] is not eligible for getting processed by all BeanPostProcessors (for example: not eligible for auto-proxying). Is this bean getting eagerly injected into a currently created BeanPostProcessor [lbRestClientPostProcessor]? Check the corresponding BeanPostProcessor declaration and its dependencies.
2025-12-15T12:50:16.910+05:30  WARN 315972 --- [borrow-issue-service] [  restartedMain] trationDelegate$BeanPostProcessorChecker : Bean 'default.org.springframework.cloud.netflix.eureka.loadbalancer.LoadBalancerEurekaAutoConfiguration.LoadBalancerClientSpecification' of type [org.springframework.cloud.loadbalancer.annotation.LoadBalancerClientSpecification] is not eligible for getting processed by all BeanPostProcessors (for example: not eligible for auto-proxying). Is this bean getting eagerly injected into a currently created BeanPostProcessor [lbRestClientPostProcessor]? Check the corresponding BeanPostProcessor declaration and its dependencies.
2025-12-15T12:50:16.910+05:30  WARN 315972 --- [borrow-issue-service] [  restartedMain] trationDelegate$BeanPostProcessorChecker : Bean 'loadBalancerClientFactory' of type [org.springframework.cloud.loadbalancer.support.LoadBalancerClientFactory] is not eligible for getting processed by all BeanPostProcessors (for example: not eligible for auto-proxying). Is this bean getting eagerly injected into a currently created BeanPostProcessor [lbRestClientPostProcessor]? Check the corresponding BeanPostProcessor declaration and its dependencies.
2025-12-15T12:50:16.912+05:30  WARN 315972 --- [borrow-issue-service] [  restartedMain] trationDelegate$BeanPostProcessorChecker : Bean 'blockingLoadBalancerClient' of type [org.springframework.cloud.loadbalancer.blocking.client.BlockingLoadBalancerClient] is not eligible for getting processed by all BeanPostProcessors (for example: not eligible for auto-proxying). Is this bean getting eagerly injected into a currently created BeanPostProcessor [lbRestClientPostProcessor]? Check the corresponding BeanPostProcessor declaration and its dependencies.
2025-12-15T12:50:16.916+05:30  WARN 315972 --- [borrow-issue-service] [  restartedMain] trationDelegate$BeanPostProcessorChecker : Bean 'loadBalancerServiceInstanceCookieTransformer' of type [org.springframework.cloud.loadbalancer.core.LoadBalancerServiceInstanceCookieTransformer] is not eligible for getting processed by all BeanPostProcessors (for example: not eligible for auto-proxying). Is this bean getting eagerly injected into a currently created BeanPostProcessor [lbRestClientPostProcessor]? Check the corresponding BeanPostProcessor declaration and its dependencies.
2025-12-15T12:50:16.916+05:30  WARN 315972 --- [borrow-issue-service] [  restartedMain] trationDelegate$BeanPostProcessorChecker : Bean 'xForwarderHeadersTransformer' of type [org.springframework.cloud.loadbalancer.blocking.XForwardedHeadersTransformer] is not eligible for getting processed by all BeanPostProcessors (for example: not eligible for auto-proxying). Is this bean getting eagerly injected into a currently created BeanPostProcessor [lbRestClientPostProcessor]? Check the corresponding BeanPostProcessor declaration and its dependencies.
2025-12-15T12:50:16.917+05:30  WARN 315972 --- [borrow-issue-service] [  restartedMain] trationDelegate$BeanPostProcessorChecker : Bean 'org.springframework.cloud.client.loadbalancer.LoadBalancerAutoConfiguration' of type [org.springframework.cloud.client.loadbalancer.LoadBalancerAutoConfiguration] is not eligible for getting processed by all BeanPostProcessors (for example: not eligible for auto-proxying). Is this bean getting eagerly injected into a currently created BeanPostProcessor [lbRestClientPostProcessor]? Check the corresponding BeanPostProcessor declaration and its dependencies.
2025-12-15T12:50:16.918+05:30  WARN 315972 --- [borrow-issue-service] [  restartedMain] trationDelegate$BeanPostProcessorChecker : Bean 'loadBalancerRequestFactory' of type [org.springframework.cloud.client.loadbalancer.LoadBalancerRequestFactory] is not eligible for getting processed by all BeanPostProcessors (for example: not eligible for auto-proxying). Is this bean getting eagerly injected into a currently created BeanPostProcessor [lbRestClientPostProcessor]? Check the corresponding BeanPostProcessor declaration and its dependencies.
2025-12-15T12:50:16.919+05:30  WARN 315972 --- [borrow-issue-service] [  restartedMain] trationDelegate$BeanPostProcessorChecker : Bean 'loadBalancerInterceptor' of type [org.springframework.cloud.client.loadbalancer.LoadBalancerInterceptor] is not eligible for getting processed by all BeanPostProcessors (for example: not eligible for auto-proxying). Is this bean getting eagerly injected into a currently created BeanPostProcessor [lbRestClientPostProcessor]? Check the corresponding BeanPostProcessor declaration and its dependencies.
2025-12-15T12:50:17.175+05:30  INFO 315972 --- [borrow-issue-service] [  restartedMain] o.s.b.w.embedded.tomcat.TomcatWebServer  : Tomcat initialized with port 8083 (http)
2025-12-15T12:50:17.180+05:30  INFO 315972 --- [borrow-issue-service] [  restartedMain] o.apache.catalina.core.StandardService   : Starting service [Tomcat]
2025-12-15T12:50:17.180+05:30  INFO 315972 --- [borrow-issue-service] [  restartedMain] o.apache.catalina.core.StandardEngine    : Starting Servlet engine: [Apache Tomcat/10.1.16]
2025-12-15T12:50:17.204+05:30  INFO 315972 --- [borrow-issue-service] [  restartedMain] o.a.c.c.C.[Tomcat].[localhost].[/]       : Initializing Spring embedded WebApplicationContext
2025-12-15T12:50:17.205+05:30  INFO 315972 --- [borrow-issue-service] [  restartedMain] w.s.c.ServletWebServerApplicationContext : Root WebApplicationContext: initialization completed in 1375 ms
2025-12-15T12:50:17.313+05:30  INFO 315972 --- [borrow-issue-service] [  restartedMain] o.hibernate.jpa.internal.util.LogHelper  : HHH000204: Processing PersistenceUnitInfo [name: default]
2025-12-15T12:50:17.356+05:30  INFO 315972 --- [borrow-issue-service] [  restartedMain] org.hibernate.Version                    : HHH000412: Hibernate ORM core version 6.3.1.Final
2025-12-15T12:50:17.384+05:30  INFO 315972 --- [borrow-issue-service] [  restartedMain] o.h.c.internal.RegionFactoryInitiator    : HHH000026: Second-level cache disabled
2025-12-15T12:50:17.515+05:30  INFO 315972 --- [borrow-issue-service] [  restartedMain] o.s.o.j.p.SpringPersistenceUnitInfo      : No LoadTimeWeaver setup: ignoring JPA class transformer
2025-12-15T12:50:17.538+05:30  INFO 315972 --- [borrow-issue-service] [  restartedMain] com.zaxxer.hikari.HikariDataSource       : HikariPool-1 - Starting...
2025-12-15T12:50:17.647+05:30  INFO 315972 --- [borrow-issue-service] [  restartedMain] com.zaxxer.hikari.pool.HikariPool        : HikariPool-1 - Added connection com.mysql.cj.jdbc.ConnectionImpl@e6b14aa
2025-12-15T12:50:17.648+05:30  INFO 315972 --- [borrow-issue-service] [  restartedMain] com.zaxxer.hikari.HikariDataSource       : HikariPool-1 - Start completed.
2025-12-15T12:50:17.684+05:30  WARN 315972 --- [borrow-issue-service] [  restartedMain] org.hibernate.dialect.Dialect            : HHH000511: The 5.5.0 version for [org.hibernate.dialect.MySQLDialect] is no longer supported, hence certain features may not work properly. The minimum supported version is 5.7.0. Check the community dialects project for available legacy versions.
2025-12-15T12:50:18.211+05:30  INFO 315972 --- [borrow-issue-service] [  restartedMain] o.h.e.t.j.p.i.JtaPlatformInitiator       : HHH000489: No JTA platform available (set 'hibernate.transaction.jta.platform' to enable JTA platform integration)
2025-12-15T12:50:18.241+05:30  INFO 315972 --- [borrow-issue-service] [  restartedMain] j.LocalContainerEntityManagerFactoryBean : Initialized JPA EntityManagerFactory for persistence unit 'default'
2025-12-15T12:50:18.395+05:30  WARN 315972 --- [borrow-issue-service] [  restartedMain] JpaBaseConfiguration$JpaWebConfiguration : spring.jpa.open-in-view is enabled by default. Therefore, database queries may be performed during view rendering. Explicitly configure spring.jpa.open-in-view to disable this warning
2025-12-15T12:50:18.666+05:30  WARN 315972 --- [borrow-issue-service] [  restartedMain] o.s.b.d.a.OptionalLiveReloadServer       : Unable to start LiveReload server
2025-12-15T12:50:18.703+05:30  INFO 315972 --- [borrow-issue-service] [  restartedMain] DiscoveryClientOptionalArgsConfiguration : Eureka HTTP Client uses RestTemplate.
2025-12-15T12:50:18.749+05:30  WARN 315972 --- [borrow-issue-service] [  restartedMain] iguration$LoadBalancerCaffeineWarnLogger : Spring Cloud LoadBalancer is currently working with the default cache. While this cache implementation is useful for development and tests, it's recommended to use Caffeine cache in production.You can switch to using Caffeine cache, by adding it and org.springframework.cache.caffeine.CaffeineCacheManager to the classpath.
2025-12-15T12:50:18.766+05:30  INFO 315972 --- [borrow-issue-service] [  restartedMain] o.s.c.n.eureka.InstanceInfoFactory       : Setting initial instance status as: STARTING
2025-12-15T12:50:18.834+05:30  INFO 315972 --- [borrow-issue-service] [  restartedMain] com.netflix.discovery.DiscoveryClient    : Initializing Eureka in region us-east-1
2025-12-15T12:50:18.837+05:30  INFO 315972 --- [borrow-issue-service] [  restartedMain] c.n.d.s.r.aws.ConfigClusterResolver      : Resolving eureka endpoints via configuration
2025-12-15T12:50:18.851+05:30  INFO 315972 --- [borrow-issue-service] [  restartedMain] com.netflix.discovery.DiscoveryClient    : Disable delta property : false
2025-12-15T12:50:18.852+05:30  INFO 315972 --- [borrow-issue-service] [  restartedMain] com.netflix.discovery.DiscoveryClient    : Single vip registry refresh property : null
2025-12-15T12:50:18.852+05:30  INFO 315972 --- [borrow-issue-service] [  restartedMain] com.netflix.discovery.DiscoveryClient    : Force full registry fetch : false
2025-12-15T12:50:18.852+05:30  INFO 315972 --- [borrow-issue-service] [  restartedMain] com.netflix.discovery.DiscoveryClient    : Application is null : false
2025-12-15T12:50:18.852+05:30  INFO 315972 --- [borrow-issue-service] [  restartedMain] com.netflix.discovery.DiscoveryClient    : Registered Applications size is zero : true
2025-12-15T12:50:18.852+05:30  INFO 315972 --- [borrow-issue-service] [  restartedMain] com.netflix.discovery.DiscoveryClient    : Application version is -1: true
2025-12-15T12:50:18.852+05:30  INFO 315972 --- [borrow-issue-service] [  restartedMain] com.netflix.discovery.DiscoveryClient    : Getting all instance registry info from the eureka server
2025-12-15T12:50:19.057+05:30  INFO 315972 --- [borrow-issue-service] [  restartedMain] com.netflix.discovery.DiscoveryClient    : The response status is 200
2025-12-15T12:50:19.058+05:30  INFO 315972 --- [borrow-issue-service] [  restartedMain] com.netflix.discovery.DiscoveryClient    : Starting heartbeat executor: renew interval is: 30
2025-12-15T12:50:19.059+05:30  INFO 315972 --- [borrow-issue-service] [  restartedMain] c.n.discovery.InstanceInfoReplicator     : InstanceInfoReplicator onDemand update allowed rate per min is 4
2025-12-15T12:50:19.063+05:30  INFO 315972 --- [borrow-issue-service] [  restartedMain] com.netflix.discovery.DiscoveryClient    : Discovery Client initialized at timestamp 1765783219062 with initial instances count: 0
2025-12-15T12:50:19.066+05:30  INFO 315972 --- [borrow-issue-service] [  restartedMain] o.s.c.n.e.s.EurekaServiceRegistry        : Registering application BORROW-ISSUE-SERVICE with eureka with status UP
2025-12-15T12:50:19.067+05:30  INFO 315972 --- [borrow-issue-service] [  restartedMain] com.netflix.discovery.DiscoveryClient    : Saw local status change event StatusChangeEvent [timestamp=1765783219067, current=UP, previous=STARTING]
2025-12-15T12:50:19.068+05:30  INFO 315972 --- [borrow-issue-service] [nfoReplicator-0] com.netflix.discovery.DiscoveryClient    : DiscoveryClient_BORROW-ISSUE-SERVICE/nirmith-m-r-Inspiron-14-5430.lan:borrow-issue-service:8083: registering service...
2025-12-15T12:50:19.082+05:30  INFO 315972 --- [borrow-issue-service] [  restartedMain] o.s.b.w.embedded.tomcat.TomcatWebServer  : Tomcat started on port 8083 (http) with context path ''
2025-12-15T12:50:19.083+05:30  INFO 315972 --- [borrow-issue-service] [  restartedMain] .s.c.n.e.s.EurekaAutoServiceRegistration : Updating port to 8083
2025-12-15T12:50:19.094+05:30  INFO 315972 --- [borrow-issue-service] [nfoReplicator-0] com.netflix.discovery.DiscoveryClient    : DiscoveryClient_BORROW-ISSUE-SERVICE/nirmith-m-r-Inspiron-14-5430.lan:borrow-issue-service:8083 - registration status: 204
2025-12-15T12:50:19.096+05:30  INFO 315972 --- [borrow-issue-service] [  restartedMain] c.e.b.BorrowIssueServiceApplication      : Started BorrowIssueServiceApplication in 3.708 seconds (process running for 4.235)
2025-12-15T12:50:49.059+05:30  INFO 315972 --- [borrow-issue-service] [freshExecutor-0] com.netflix.discovery.DiscoveryClient    : Disable delta property : false
2025-12-15T12:50:49.059+05:30  INFO 315972 --- [borrow-issue-service] [freshExecutor-0] com.netflix.discovery.DiscoveryClient    : Single vip registry refresh property : null
2025-12-15T12:50:49.059+05:30  INFO 315972 --- [borrow-issue-service] [freshExecutor-0] com.netflix.discovery.DiscoveryClient    : Force full registry fetch : false
2025-12-15T12:50:49.059+05:30  INFO 315972 --- [borrow-issue-service] [freshExecutor-0] com.netflix.discovery.DiscoveryClient    : Application is null : false
2025-12-15T12:50:49.060+05:30  INFO 315972 --- [borrow-issue-service] [freshExecutor-0] com.netflix.discovery.DiscoveryClient    : Registered Applications size is zero : true
2025-12-15T12:50:49.060+05:30  INFO 315972 --- [borrow-issue-service] [freshExecutor-0] com.netflix.discovery.DiscoveryClient    : Application version is -1: false
2025-12-15T12:50:49.060+05:30  INFO 315972 --- [borrow-issue-service] [freshExecutor-0] com.netflix.discovery.DiscoveryClient    : Getting all instance registry info from the eureka server
2025-12-15T12:50:49.091+05:30  INFO 315972 --- [borrow-issue-service] [freshExecutor-0] com.netflix.discovery.DiscoveryClient    : The response status is 200
2025-12-15T12:55:18.854+05:30  INFO 315972 --- [borrow-issue-service] [trap-executor-0] c.n.d.s.r.aws.ConfigClusterResolver      : Resolving eureka endpoints via configuration
2025-12-15T13:00:18.855+05:30  INFO 315972 --- [borrow-issue-service] [trap-executor-0] c.n.d.s.r.aws.ConfigClusterResolver      : Resolving eureka endpoints via configuration
2025-12-15T13:05:18.856+05:30  INFO 315972 --- [borrow-issue-service] [trap-executor-0] c.n.d.s.r.aws.ConfigClusterResolver      : Resolving eureka endpoints via configuration
2025-12-15T13:10:18.856+05:30  INFO 315972 --- [borrow-issue-service] [trap-executor-0] c.n.d.s.r.aws.ConfigClusterResolver      : Resolving eureka endpoints via configuration
2025-12-15T13:15:18.858+05:30  INFO 315972 --- [borrow-issue-service] [trap-executor-0] c.n.d.s.r.aws.ConfigClusterResolver      : Resolving eureka endpoints via configuration
2025-12-15T13:20:18.859+05:30  INFO 315972 --- [borrow-issue-service] [trap-executor-0] c.n.d.s.r.aws.ConfigClusterResolver      : Resolving eureka endpoints via configuration
2025-12-15T13:25:18.860+05:30  INFO 315972 --- [borrow-issue-service] [trap-executor-0] c.n.d.s.r.aws.ConfigClusterResolver      : Resolving eureka endpoints via configuration
2025-12-15T13:30:18.862+05:30  INFO 315972 --- [borrow-issue-service] [trap-executor-0] c.n.d.s.r.aws.ConfigClusterResolver      : Resolving eureka endpoints via configuration
2025-12-15T13:35:18.863+05:30  INFO 315972 --- [borrow-issue-service] [trap-executor-0] c.n.d.s.r.aws.ConfigClusterResolver      : Resolving eureka endpoints via configuration
2025-12-15T13:40:18.864+05:30  INFO 315972 --- [borrow-issue-service] [trap-executor-0] c.n.d.s.r.aws.ConfigClusterResolver      : Resolving eureka endpoints via configuration
2025-12-15T13:45:18.865+05:30  INFO 315972 --- [borrow-issue-service] [trap-executor-0] c.n.d.s.r.aws.ConfigClusterResolver      : Resolving eureka endpoints via configuration
